0 info it worked if it ends with ok
1 verbose cli [ 'C:\\nodejs\\node.exe',
1 verbose cli   'C:\\Users\\Administrator\\AppData\\Roaming\\npm\\node_modules\\npm\\bin\\npm-cli.js',
1 verbose cli   'install',
1 verbose cli   '--save',
1 verbose cli   'iconv' ]
2 info using npm@3.8.1
3 info using node@v4.4.0
4 silly loadCurrentTree Starting
5 silly install loadCurrentTree
6 silly install readLocalPackageData
7 silly fetchPackageMetaData iconv
8 silly fetchNamedPackageData iconv
9 silly mapToRegistry name iconv
10 silly mapToRegistry using default registry
11 silly mapToRegistry registry https://registry.npmjs.org/
12 silly mapToRegistry uri https://registry.npmjs.org/iconv
13 verbose request uri https://registry.npmjs.org/iconv
14 verbose request no auth needed
15 info attempt registry request try #1 at 14:25:40
16 verbose request id 1c525b8462b28b00
17 verbose etag "EGRX8IXXMCH22SGWLRB3UKA0J"
18 http request GET https://registry.npmjs.org/iconv
19 http 304 https://registry.npmjs.org/iconv
20 verbose headers { date: 'Thu, 17 Mar 2016 06:25:44 GMT',
20 verbose headers   via: '1.1 varnish',
20 verbose headers   'cache-control': 'max-age=300',
20 verbose headers   etag: '"EGRX8IXXMCH22SGWLRB3UKA0J"',
20 verbose headers   age: '218',
20 verbose headers   connection: 'keep-alive',
20 verbose headers   'x-served-by': 'cache-nrt6122-NRT',
20 verbose headers   'x-cache': 'HIT',
20 verbose headers   'x-cache-hits': '1',
20 verbose headers   'x-timer': 'S1458195944.771611,VS0,VE0',
20 verbose headers   vary: 'Accept' }
21 silly get cb [ 304,
21 silly get   { date: 'Thu, 17 Mar 2016 06:25:44 GMT',
21 silly get     via: '1.1 varnish',
21 silly get     'cache-control': 'max-age=300',
21 silly get     etag: '"EGRX8IXXMCH22SGWLRB3UKA0J"',
21 silly get     age: '218',
21 silly get     connection: 'keep-alive',
21 silly get     'x-served-by': 'cache-nrt6122-NRT',
21 silly get     'x-cache': 'HIT',
21 silly get     'x-cache-hits': '1',
21 silly get     'x-timer': 'S1458195944.771611,VS0,VE0',
21 silly get     vary: 'Accept' } ]
22 verbose etag https://registry.npmjs.org/iconv from cache
23 verbose get saving iconv to C:\Users\Administrator\AppData\Roaming\npm-cache\registry.npmjs.org\iconv\.cache.json
24 verbose correctMkdir C:\Users\Administrator\AppData\Roaming\npm-cache correctMkdir not in flight; initializing
25 silly install normalizeTree
26 silly loadCurrentTree Finishing
27 silly loadIdealTree Starting
28 silly install loadIdealTree
29 silly cloneCurrentTree Starting
30 silly install cloneCurrentTreeToIdealTree
31 silly cloneCurrentTree Finishing
32 silly loadShrinkwrap Starting
33 silly install loadShrinkwrap
34 silly loadShrinkwrap Finishing
35 silly loadAllDepsIntoIdealTree Starting
36 silly install loadAllDepsIntoIdealTree
37 silly resolveWithNewModule iconv@2.1.11 checking installable status
38 silly cache add args [ 'iconv', null ]
39 verbose cache add spec iconv
40 silly cache add parsed spec Result {
40 silly cache add   raw: 'iconv',
40 silly cache add   scope: null,
40 silly cache add   name: 'iconv',
40 silly cache add   rawSpec: '',
40 silly cache add   spec: 'latest',
40 silly cache add   type: 'tag' }
41 silly addNamed iconv@latest
42 verbose addNamed "latest" is being treated as a dist-tag for iconv
43 info addNameTag [ 'iconv', 'latest' ]
44 silly mapToRegistry name iconv
45 silly mapToRegistry using default registry
46 silly mapToRegistry registry https://registry.npmjs.org/
47 silly mapToRegistry uri https://registry.npmjs.org/iconv
48 verbose addNameTag registry:https://registry.npmjs.org/iconv not in flight; fetching
49 verbose get https://registry.npmjs.org/iconv not expired, no request
50 silly addNameTag next cb for iconv with tag latest
51 silly addNamed iconv@2.1.11
52 verbose addNamed "2.1.11" is a plain semver version for iconv
53 silly cache afterAdd iconv@2.1.11
54 verbose afterAdd C:\Users\Administrator\AppData\Roaming\npm-cache\iconv\2.1.11\package\package.json not in flight; writing
55 verbose correctMkdir C:\Users\Administrator\AppData\Roaming\npm-cache correctMkdir not in flight; initializing
56 verbose afterAdd C:\Users\Administrator\AppData\Roaming\npm-cache\iconv\2.1.11\package\package.json written
57 silly fetchNamedPackageData nan
58 silly mapToRegistry name nan
59 silly mapToRegistry using default registry
60 silly mapToRegistry registry https://registry.npmjs.org/
61 silly mapToRegistry uri https://registry.npmjs.org/nan
62 verbose request uri https://registry.npmjs.org/nan
63 verbose request no auth needed
64 info attempt registry request try #1 at 14:25:41
65 verbose etag "9GNMF0K57Y4H80QS1L4U9QND9"
66 http request GET https://registry.npmjs.org/nan
67 http 304 https://registry.npmjs.org/nan
68 verbose headers { date: 'Thu, 17 Mar 2016 06:25:45 GMT',
68 verbose headers   via: '1.1 varnish',
68 verbose headers   'cache-control': 'max-age=300',
68 verbose headers   etag: '"9GNMF0K57Y4H80QS1L4U9QND9"',
68 verbose headers   age: '281',
68 verbose headers   connection: 'keep-alive',
68 verbose headers   'x-served-by': 'cache-nrt6132-NRT',
68 verbose headers   'x-cache': 'HIT',
68 verbose headers   'x-cache-hits': '4',
68 verbose headers   'x-timer': 'S1458195945.519544,VS0,VE0',
68 verbose headers   vary: 'Accept' }
69 silly get cb [ 304,
69 silly get   { date: 'Thu, 17 Mar 2016 06:25:45 GMT',
69 silly get     via: '1.1 varnish',
69 silly get     'cache-control': 'max-age=300',
69 silly get     etag: '"9GNMF0K57Y4H80QS1L4U9QND9"',
69 silly get     age: '281',
69 silly get     connection: 'keep-alive',
69 silly get     'x-served-by': 'cache-nrt6132-NRT',
69 silly get     'x-cache': 'HIT',
69 silly get     'x-cache-hits': '4',
69 silly get     'x-timer': 'S1458195945.519544,VS0,VE0',
69 silly get     vary: 'Accept' } ]
70 verbose etag https://registry.npmjs.org/nan from cache
71 verbose get saving nan to C:\Users\Administrator\AppData\Roaming\npm-cache\registry.npmjs.org\nan\.cache.json
72 verbose correctMkdir C:\Users\Administrator\AppData\Roaming\npm-cache correctMkdir not in flight; initializing
73 silly resolveWithNewModule nan@2.0.9 checking installable status
74 silly cache add args [ 'nan@~2.0.4', null ]
75 verbose cache add spec nan@~2.0.4
76 silly cache add parsed spec Result {
76 silly cache add   raw: 'nan@~2.0.4',
76 silly cache add   scope: null,
76 silly cache add   name: 'nan',
76 silly cache add   rawSpec: '~2.0.4',
76 silly cache add   spec: '>=2.0.4 <2.1.0',
76 silly cache add   type: 'range' }
77 silly addNamed nan@>=2.0.4 <2.1.0
78 verbose addNamed ">=2.0.4 <2.1.0" is a valid semver range for nan
79 silly addNameRange { name: 'nan', range: '>=2.0.4 <2.1.0', hasData: false }
80 silly mapToRegistry name nan
81 silly mapToRegistry using default registry
82 silly mapToRegistry registry https://registry.npmjs.org/
83 silly mapToRegistry uri https://registry.npmjs.org/nan
84 verbose addNameRange registry:https://registry.npmjs.org/nan not in flight; fetching
85 verbose get https://registry.npmjs.org/nan not expired, no request
86 silly addNameRange number 2 { name: 'nan', range: '>=2.0.4 <2.1.0', hasData: true }
87 silly addNameRange versions [ 'nan',
87 silly addNameRange   [ '0.3.0-wip',
87 silly addNameRange     '0.3.0-wip2',
87 silly addNameRange     '0.3.0',
87 silly addNameRange     '0.3.1',
87 silly addNameRange     '0.3.2',
87 silly addNameRange     '0.4.0',
87 silly addNameRange     '0.4.1',
87 silly addNameRange     '0.4.2',
87 silly addNameRange     '0.4.3',
87 silly addNameRange     '0.4.4',
87 silly addNameRange     '0.5.0',
87 silly addNameRange     '0.5.1',
87 silly addNameRange     '0.5.2',
87 silly addNameRange     '0.6.0',
87 silly addNameRange     '0.7.0',
87 silly addNameRange     '0.7.1',
87 silly addNameRange     '0.8.0',
87 silly addNameRange     '1.0.0',
87 silly addNameRange     '1.1.0',
87 silly addNameRange     '1.1.1',
87 silly addNameRange     '1.1.2',
87 silly addNameRange     '1.2.0',
87 silly addNameRange     '1.3.0',
87 silly addNameRange     '1.4.0',
87 silly addNameRange     '1.4.1',
87 silly addNameRange     '1.5.0',
87 silly addNameRange     '1.4.2',
87 silly addNameRange     '1.4.3',
87 silly addNameRange     '1.5.1',
87 silly addNameRange     '1.5.2',
87 silly addNameRange     '1.6.0',
87 silly addNameRange     '1.5.3',
87 silly addNameRange     '1.6.1',
87 silly addNameRange     '1.6.2',
87 silly addNameRange     '1.7.0',
87 silly addNameRange     '1.8.0',
87 silly addNameRange     '1.8.1',
87 silly addNameRange     '1.8.2',
87 silly addNameRange     '1.8.3',
87 silly addNameRange     '1.8.4',
87 silly addNameRange     '1.9.0',
87 silly addNameRange     '2.0.0',
87 silly addNameRange     '2.0.1',
87 silly addNameRange     '2.0.2',
87 silly addNameRange     '2.0.3',
87 silly addNameRange     '2.0.4',
87 silly addNameRange     '2.0.5',
87 silly addNameRange     '2.0.6',
87 silly addNameRange     '2.0.7',
87 silly addNameRange     '2.0.8',
87 silly addNameRange     '2.0.9',
87 silly addNameRange     '2.1.0',
87 silly addNameRange     '2.2.0' ] ]
88 silly addNamed nan@2.0.9
89 verbose addNamed "2.0.9" is a plain semver version for nan
90 silly cache afterAdd nan@2.0.9
91 verbose afterAdd C:\Users\Administrator\AppData\Roaming\npm-cache\nan\2.0.9\package\package.json not in flight; writing
92 verbose correctMkdir C:\Users\Administrator\AppData\Roaming\npm-cache correctMkdir not in flight; initializing
93 verbose afterAdd C:\Users\Administrator\AppData\Roaming\npm-cache\nan\2.0.9\package\package.json written
94 silly loadAllDepsIntoIdealTree Finishing
95 silly idealTree:prePrune Work-env@1.0.0
95 silly idealTree:prePrune +-- iconv@2.1.11
95 silly idealTree:prePrune +-- nan@2.0.9
95 silly idealTree:prePrune `-- xml-escape@1.1.0
96 silly loadIdealTree Finishing
97 silly currentTree Work-env@1.0.0
97 silly currentTree `-- xml-escape@1.1.0
98 silly idealTree Work-env@1.0.0
98 silly idealTree +-- iconv@2.1.11
98 silly idealTree +-- nan@2.0.9
98 silly idealTree `-- xml-escape@1.1.0
99 silly generateActionsToTake Starting
100 silly install generateActionsToTake
101 silly generateActionsToTake Finishing
102 silly diffTrees action count 2
103 silly diffTrees add nan@2.0.9
104 silly diffTrees add iconv@2.1.11
105 silly decomposeActions action count 16
106 silly decomposeActions fetch nan@2.0.9
107 silly decomposeActions extract nan@2.0.9
108 silly decomposeActions test nan@2.0.9
109 silly decomposeActions preinstall nan@2.0.9
110 silly decomposeActions build nan@2.0.9
111 silly decomposeActions install nan@2.0.9
112 silly decomposeActions postinstall nan@2.0.9
113 silly decomposeActions finalize nan@2.0.9
114 silly decomposeActions fetch iconv@2.1.11
115 silly decomposeActions extract iconv@2.1.11
116 silly decomposeActions test iconv@2.1.11
117 silly decomposeActions preinstall iconv@2.1.11
118 silly decomposeActions build iconv@2.1.11
119 silly decomposeActions install iconv@2.1.11
120 silly decomposeActions postinstall iconv@2.1.11
121 silly decomposeActions finalize iconv@2.1.11
122 silly executeActions Starting
123 silly install executeActions
124 silly doSerial global-install 0
125 silly doParallel fetch 2
126 verbose correctMkdir C:\Users\Administrator\AppData\Roaming\npm-cache\_locks correctMkdir not in flight; initializing
127 verbose lock using C:\Users\Administrator\AppData\Roaming\npm-cache\_locks\staging-de1bc34ac1d9cd01.lock for E:\Dev\Node\Work\node_modules\.staging
128 silly doParallel extract 2
129 silly extract nan@2.0.9
130 silly extract iconv@2.1.11
131 verbose unbuild node_modules\.staging\nan-5b1841f3
132 verbose unbuild node_modules\.staging\iconv-47c5e09e
133 silly gentlyRm E:\Dev\Node\Work\node_modules\.staging\nan-5b1841f3 is being purged from base E:\Dev\Node\Work
134 verbose gentlyRm don't care about contents; nuking E:\Dev\Node\Work\node_modules\.staging\nan-5b1841f3
135 silly gentlyRm E:\Dev\Node\Work\node_modules\.staging\iconv-47c5e09e is being purged from base E:\Dev\Node\Work
136 verbose gentlyRm don't care about contents; nuking E:\Dev\Node\Work\node_modules\.staging\iconv-47c5e09e
137 verbose tar unpack C:\Users\Administrator\AppData\Roaming\npm-cache\nan\2.0.9\package.tgz
138 verbose tar unpacking to E:\Dev\Node\Work\node_modules\.staging\nan-5b1841f3
139 silly gentlyRm E:\Dev\Node\Work\node_modules\.staging\nan-5b1841f3 is being purged
140 verbose gentlyRm don't care about contents; nuking E:\Dev\Node\Work\node_modules\.staging\nan-5b1841f3
141 verbose tar unpack C:\Users\Administrator\AppData\Roaming\npm-cache\iconv\2.1.11\package.tgz
142 verbose tar unpacking to E:\Dev\Node\Work\node_modules\.staging\iconv-47c5e09e
143 silly gentlyRm E:\Dev\Node\Work\node_modules\.staging\iconv-47c5e09e is being purged
144 verbose gentlyRm don't care about contents; nuking E:\Dev\Node\Work\node_modules\.staging\iconv-47c5e09e
145 silly gunzTarPerm modes [ '777', '666' ]
146 silly gunzTarPerm modes [ '777', '666' ]
147 silly gunzTarPerm extractEntry package.json
148 silly gunzTarPerm modified mode [ 'package.json', 436, 438 ]
149 silly gunzTarPerm extractEntry package.json
150 silly gunzTarPerm modified mode [ 'package.json', 436, 438 ]
151 silly gunzTarPerm extractEntry README.md
152 silly gunzTarPerm modified mode [ 'README.md', 436, 438 ]
153 silly gunzTarPerm extractEntry include_dirs.js
154 silly gunzTarPerm modified mode [ 'include_dirs.js', 436, 438 ]
155 silly gunzTarPerm extractEntry nan_converters.h
156 silly gunzTarPerm modified mode [ 'nan_converters.h', 436, 438 ]
157 silly gunzTarPerm extractEntry LICENSE.md
158 silly gunzTarPerm modified mode [ 'LICENSE.md', 436, 438 ]
159 silly gunzTarPerm extractEntry .dntrc
160 silly gunzTarPerm modified mode [ '.dntrc', 436, 438 ]
161 silly gunzTarPerm extractEntry appveyor.yml
162 silly gunzTarPerm modified mode [ 'appveyor.yml', 436, 438 ]
163 silly gunzTarPerm extractEntry doc/new.md
164 silly gunzTarPerm modified mode [ 'doc/new.md', 436, 438 ]
165 silly gunzTarPerm extractEntry doc/.build.sh
166 silly gunzTarPerm modified mode [ 'doc/.build.sh', 509, 511 ]
167 silly gunzTarPerm extractEntry doc/buffers.md
168 silly gunzTarPerm modified mode [ 'doc/buffers.md', 436, 438 ]
169 silly gunzTarPerm extractEntry doc/callback.md
170 silly gunzTarPerm modified mode [ 'doc/callback.md', 436, 438 ]
171 silly gunzTarPerm extractEntry doc/converters.md
172 silly gunzTarPerm modified mode [ 'doc/converters.md', 436, 438 ]
173 silly gunzTarPerm extractEntry doc/errors.md
174 silly gunzTarPerm modified mode [ 'doc/errors.md', 436, 438 ]
175 silly gunzTarPerm extractEntry doc/maybe_types.md
176 silly gunzTarPerm modified mode [ 'doc/maybe_types.md', 436, 438 ]
177 silly gunzTarPerm extractEntry doc/methods.md
178 silly gunzTarPerm modified mode [ 'doc/methods.md', 436, 438 ]
179 silly gunzTarPerm extractEntry doc/asyncworker.md
180 silly gunzTarPerm modified mode [ 'doc/asyncworker.md', 436, 438 ]
181 silly gunzTarPerm extractEntry doc/node_misc.md
182 silly gunzTarPerm modified mode [ 'doc/node_misc.md', 436, 438 ]
183 silly gunzTarPerm extractEntry doc/persistent.md
184 silly gunzTarPerm modified mode [ 'doc/persistent.md', 436, 438 ]
185 silly gunzTarPerm extractEntry doc/scopes.md
186 silly gunzTarPerm modified mode [ 'doc/scopes.md', 436, 438 ]
187 silly gunzTarPerm extractEntry doc/script.md
188 silly gunzTarPerm modified mode [ 'doc/script.md', 436, 438 ]
189 silly gunzTarPerm extractEntry doc/string_bytes.md
190 silly gunzTarPerm modified mode [ 'doc/string_bytes.md', 436, 438 ]
191 silly gunzTarPerm extractEntry doc/v8_internals.md
192 silly gunzTarPerm modified mode [ 'doc/v8_internals.md', 436, 438 ]
193 silly gunzTarPerm extractEntry doc/v8_misc.md
194 silly gunzTarPerm modified mode [ 'doc/v8_misc.md', 436, 438 ]
195 silly gunzTarPerm extractEntry nan.h
196 silly gunzTarPerm modified mode [ 'nan.h', 436, 438 ]
197 silly gunzTarPerm extractEntry nan_callbacks.h
198 silly gunzTarPerm modified mode [ 'nan_callbacks.h', 436, 438 ]
199 silly gunzTarPerm extractEntry nan_callbacks_12_inl.h
200 silly gunzTarPerm modified mode [ 'nan_callbacks_12_inl.h', 436, 438 ]
201 silly gunzTarPerm extractEntry nan_callbacks_pre_12_inl.h
202 silly gunzTarPerm modified mode [ 'nan_callbacks_pre_12_inl.h', 436, 438 ]
203 silly gunzTarPerm extractEntry nan_converters_43_inl.h
204 silly gunzTarPerm modified mode [ 'nan_converters_43_inl.h', 436, 438 ]
205 silly gunzTarPerm extractEntry nan_converters_pre_43_inl.h
206 silly gunzTarPerm modified mode [ 'nan_converters_pre_43_inl.h', 436, 438 ]
207 silly gunzTarPerm extractEntry nan_implementation_12_inl.h
208 silly gunzTarPerm modified mode [ 'nan_implementation_12_inl.h', 436, 438 ]
209 silly gunzTarPerm extractEntry nan_implementation_pre_12_inl.h
210 silly gunzTarPerm modified mode [ 'nan_implementation_pre_12_inl.h', 436, 438 ]
211 silly gunzTarPerm extractEntry nan_maybe_43_inl.h
212 silly gunzTarPerm modified mode [ 'nan_maybe_43_inl.h', 436, 438 ]
213 silly gunzTarPerm extractEntry nan_maybe_pre_43_inl.h
214 silly gunzTarPerm modified mode [ 'nan_maybe_pre_43_inl.h', 436, 438 ]
215 silly gunzTarPerm extractEntry nan_new.h
216 silly gunzTarPerm modified mode [ 'nan_new.h', 436, 438 ]
217 silly gunzTarPerm extractEntry nan_object_wrap.h
218 silly gunzTarPerm modified mode [ 'nan_object_wrap.h', 436, 438 ]
219 silly gunzTarPerm extractEntry nan_persistent_12_inl.h
220 silly gunzTarPerm modified mode [ 'nan_persistent_12_inl.h', 436, 438 ]
221 silly gunzTarPerm extractEntry nan_persistent_pre_12_inl.h
222 silly gunzTarPerm modified mode [ 'nan_persistent_pre_12_inl.h', 436, 438 ]
223 silly gunzTarPerm extractEntry nan_string_bytes.h
224 silly gunzTarPerm modified mode [ 'nan_string_bytes.h', 436, 438 ]
225 silly gunzTarPerm extractEntry nan_weak.h
226 silly gunzTarPerm modified mode [ 'nan_weak.h', 436, 438 ]
227 silly gunzTarPerm extractEntry CHANGELOG.md
228 silly gunzTarPerm modified mode [ 'CHANGELOG.md', 436, 438 ]
229 silly gunzTarPerm extractEntry tools/package.json
230 silly gunzTarPerm modified mode [ 'tools/package.json', 436, 438 ]
231 silly gunzTarPerm extractEntry tools/README.md
232 silly gunzTarPerm modified mode [ 'tools/README.md', 436, 438 ]
233 silly gunzTarPerm extractEntry tools/1to2.js
234 silly gunzTarPerm modified mode [ 'tools/1to2.js', 509, 511 ]
235 silly gunzTarPerm extractEntry .npmignore
236 silly gunzTarPerm modified mode [ '.npmignore', 436, 438 ]
237 silly gunzTarPerm extractEntry README.md
238 silly gunzTarPerm modified mode [ 'README.md', 436, 438 ]
239 silly gunzTarPerm extractEntry LICENSE
240 silly gunzTarPerm modified mode [ 'LICENSE', 436, 438 ]
241 silly gunzTarPerm extractEntry binding.gyp
242 silly gunzTarPerm modified mode [ 'binding.gyp', 436, 438 ]
243 silly gunzTarPerm extractEntry deps/libiconv/README
244 silly gunzTarPerm modified mode [ 'deps/libiconv/README', 436, 438 ]
245 silly gunzTarPerm extractEntry deps/libiconv/INSTALL.generic
246 silly gunzTarPerm modified mode [ 'deps/libiconv/INSTALL.generic', 436, 438 ]
247 silly gunzTarPerm extractEntry deps/libiconv/COPYING
248 silly gunzTarPerm modified mode [ 'deps/libiconv/COPYING', 436, 438 ]
249 silly gunzTarPerm extractEntry deps/libiconv/COPYING.LIB
250 silly gunzTarPerm modified mode [ 'deps/libiconv/COPYING.LIB', 436, 438 ]
251 silly gunzTarPerm extractEntry deps/libiconv/ChangeLog
252 silly gunzTarPerm modified mode [ 'deps/libiconv/ChangeLog', 436, 438 ]
253 silly gunzTarPerm extractEntry deps/libiconv/DEPENDENCIES
254 silly gunzTarPerm modified mode [ 'deps/libiconv/DEPENDENCIES', 436, 438 ]
255 silly gunzTarPerm extractEntry deps/libiconv/DESIGN
256 silly gunzTarPerm modified mode [ 'deps/libiconv/DESIGN', 436, 438 ]
257 silly gunzTarPerm extractEntry deps/libiconv/HACKING
258 silly gunzTarPerm modified mode [ 'deps/libiconv/HACKING', 436, 438 ]
259 silly gunzTarPerm extractEntry deps/libiconv/AUTHORS
260 silly gunzTarPerm modified mode [ 'deps/libiconv/AUTHORS', 436, 438 ]
261 silly gunzTarPerm extractEntry deps/libiconv/NEWS
262 silly gunzTarPerm modified mode [ 'deps/libiconv/NEWS', 436, 438 ]
263 silly gunzTarPerm extractEntry deps/libiconv/NOTES
264 silly gunzTarPerm modified mode [ 'deps/libiconv/NOTES', 436, 438 ]
265 silly gunzTarPerm extractEntry deps/libiconv/PORTS
266 silly gunzTarPerm modified mode [ 'deps/libiconv/PORTS', 436, 438 ]
267 silly gunzTarPerm extractEntry deps/libiconv/ABOUT-NLS
268 silly gunzTarPerm modified mode [ 'deps/libiconv/ABOUT-NLS', 436, 438 ]
269 silly gunzTarPerm extractEntry deps/libiconv/README.woe32
270 silly gunzTarPerm modified mode [ 'deps/libiconv/README.woe32', 436, 438 ]
271 silly gunzTarPerm extractEntry deps/libiconv/THANKS
272 silly gunzTarPerm modified mode [ 'deps/libiconv/THANKS', 436, 438 ]
273 silly gunzTarPerm extractEntry deps/libiconv/lib/euc_tw.h
274 silly gunzTarPerm modified mode [ 'deps/libiconv/lib/euc_tw.h', 436, 438 ]
275 silly gunzTarPerm extractEntry deps/libiconv/lib/aliases.gperf
276 silly gunzTarPerm modified mode [ 'deps/libiconv/lib/aliases.gperf', 436, 438 ]
277 silly gunzTarPerm extractEntry deps/libiconv/lib/aliases2.h
278 silly gunzTarPerm modified mode [ 'deps/libiconv/lib/aliases2.h', 436, 438 ]
279 silly gunzTarPerm extractEntry deps/libiconv/lib/aliases_aix.h
280 silly gunzTarPerm modified mode [ 'deps/libiconv/lib/aliases_aix.h', 436, 438 ]
281 silly gunzTarPerm extractEntry deps/libiconv/lib/aliases_aix_sysaix.h
282 silly gunzTarPerm modified mode [ 'deps/libiconv/lib/aliases_aix_sysaix.h', 436, 438 ]
283 silly gunzTarPerm extractEntry deps/libiconv/lib/aliases_dos.h
284 silly gunzTarPerm modified mode [ 'deps/libiconv/lib/aliases_dos.h', 436, 438 ]
285 silly gunzTarPerm extractEntry deps/libiconv/lib/aliases_extra.h
286 silly gunzTarPerm modified mode [ 'deps/libiconv/lib/aliases_extra.h', 436, 438 ]
287 silly gunzTarPerm extractEntry deps/libiconv/lib/aliases_osf1.h
288 silly gunzTarPerm modified mode [ 'deps/libiconv/lib/aliases_osf1.h', 436, 438 ]
289 silly gunzTarPerm extractEntry deps/libiconv/lib/aliases_osf1_sysosf1.h
290 silly gunzTarPerm modified mode [ 'deps/libiconv/lib/aliases_osf1_sysosf1.h', 436, 438 ]
291 silly gunzTarPerm extractEntry deps/libiconv/lib/aliases_sysaix.gperf
292 silly gunzTarPerm modified mode [ 'deps/libiconv/lib/aliases_sysaix.gperf', 436, 438 ]
293 silly gunzTarPerm extractEntry deps/libiconv/lib/aliases_sysaix.h
294 silly gunzTarPerm modified mode [ 'deps/libiconv/lib/aliases_sysaix.h', 436, 438 ]
295 silly gunzTarPerm extractEntry deps/libiconv/lib/aliases_syshpux.gperf
296 silly gunzTarPerm modified mode [ 'deps/libiconv/lib/aliases_syshpux.gperf', 436, 438 ]
297 silly gunzTarPerm extractEntry deps/libiconv/lib/aliases_syshpux.h
298 silly gunzTarPerm modified mode [ 'deps/libiconv/lib/aliases_syshpux.h', 436, 438 ]
299 silly gunzTarPerm extractEntry deps/libiconv/lib/aliases_sysosf1.gperf
300 silly gunzTarPerm modified mode [ 'deps/libiconv/lib/aliases_sysosf1.gperf', 436, 438 ]
301 silly gunzTarPerm extractEntry deps/libiconv/lib/aliases_sysosf1.h
302 silly gunzTarPerm modified mode [ 'deps/libiconv/lib/aliases_sysosf1.h', 436, 438 ]
303 silly gunzTarPerm extractEntry deps/libiconv/lib/aliases_syssolaris.gperf
304 silly gunzTarPerm modified mode [ 'deps/libiconv/lib/aliases_syssolaris.gperf', 436, 438 ]
305 silly gunzTarPerm extractEntry deps/libiconv/lib/aliases_syssolaris.h
306 silly gunzTarPerm modified mode [ 'deps/libiconv/lib/aliases_syssolaris.h', 436, 438 ]
307 silly gunzTarPerm extractEntry deps/libiconv/lib/armscii_8.h
308 silly gunzTarPerm modified mode [ 'deps/libiconv/lib/armscii_8.h', 436, 438 ]
309 silly gunzTarPerm extractEntry deps/libiconv/lib/ascii.h
310 silly gunzTarPerm modified mode [ 'deps/libiconv/lib/ascii.h', 436, 438 ]
311 silly gunzTarPerm extractEntry deps/libiconv/lib/atarist.h
312 silly gunzTarPerm modified mode [ 'deps/libiconv/lib/atarist.h', 436, 438 ]
313 silly gunzTarPerm extractEntry deps/libiconv/lib/big5.h
314 silly gunzTarPerm modified mode [ 'deps/libiconv/lib/big5.h', 436, 438 ]
315 silly gunzTarPerm extractEntry deps/libiconv/lib/big5_2003.h
316 silly gunzTarPerm modified mode [ 'deps/libiconv/lib/big5_2003.h', 436, 438 ]
317 silly gunzTarPerm extractEntry deps/libiconv/lib/big5hkscs1999.h
318 silly gunzTarPerm modified mode [ 'deps/libiconv/lib/big5hkscs1999.h', 436, 438 ]
319 silly gunzTarPerm extractEntry deps/libiconv/lib/big5hkscs2001.h
320 silly gunzTarPerm modified mode [ 'deps/libiconv/lib/big5hkscs2001.h', 436, 438 ]
321 silly gunzTarPerm extractEntry deps/libiconv/lib/big5hkscs2004.h
322 silly gunzTarPerm modified mode [ 'deps/libiconv/lib/big5hkscs2004.h', 436, 438 ]
323 silly gunzTarPerm extractEntry deps/libiconv/lib/big5hkscs2008.h
324 silly gunzTarPerm modified mode [ 'deps/libiconv/lib/big5hkscs2008.h', 436, 438 ]
325 silly gunzTarPerm extractEntry deps/libiconv/lib/c99.h
326 silly gunzTarPerm modified mode [ 'deps/libiconv/lib/c99.h', 436, 438 ]
327 silly gunzTarPerm extractEntry deps/libiconv/lib/canonical.h
328 silly gunzTarPerm modified mode [ 'deps/libiconv/lib/canonical.h', 436, 438 ]
329 silly gunzTarPerm extractEntry deps/libiconv/lib/canonical_aix.h
330 silly gunzTarPerm modified mode [ 'deps/libiconv/lib/canonical_aix.h', 436, 438 ]
331 silly gunzTarPerm extractEntry deps/libiconv/lib/canonical_aix_sysaix.h
332 silly gunzTarPerm modified mode [ 'deps/libiconv/lib/canonical_aix_sysaix.h', 436, 438 ]
333 silly gunzTarPerm extractEntry deps/libiconv/lib/canonical_dos.h
334 silly gunzTarPerm modified mode [ 'deps/libiconv/lib/canonical_dos.h', 436, 438 ]
335 silly gunzTarPerm extractEntry deps/libiconv/lib/canonical_extra.h
336 silly gunzTarPerm modified mode [ 'deps/libiconv/lib/canonical_extra.h', 436, 438 ]
337 silly gunzTarPerm extractEntry deps/libiconv/lib/canonical_local.h
338 silly gunzTarPerm modified mode [ 'deps/libiconv/lib/canonical_local.h', 436, 438 ]
339 silly gunzTarPerm extractEntry deps/libiconv/lib/canonical_local_sysaix.h
340 silly gunzTarPerm modified mode [ 'deps/libiconv/lib/canonical_local_sysaix.h', 436, 438 ]
341 silly gunzTarPerm extractEntry deps/libiconv/lib/canonical_local_syshpux.h
342 silly gunzTarPerm modified mode [ 'deps/libiconv/lib/canonical_local_syshpux.h', 436, 438 ]
343 silly gunzTarPerm extractEntry deps/libiconv/lib/canonical_local_sysosf1.h
344 silly gunzTarPerm modified mode [ 'deps/libiconv/lib/canonical_local_sysosf1.h', 436, 438 ]
345 silly gunzTarPerm extractEntry deps/libiconv/lib/canonical_local_syssolaris.h
346 silly gunzTarPerm modified mode [ 'deps/libiconv/lib/canonical_local_syssolaris.h', 436, 438 ]
347 silly gunzTarPerm extractEntry deps/libiconv/lib/canonical_osf1.h
348 silly gunzTarPerm modified mode [ 'deps/libiconv/lib/canonical_osf1.h', 436, 438 ]
349 silly gunzTarPerm extractEntry deps/libiconv/lib/canonical_osf1_sysosf1.h
350 silly gunzTarPerm modified mode [ 'deps/libiconv/lib/canonical_osf1_sysosf1.h', 436, 438 ]
351 silly gunzTarPerm extractEntry deps/libiconv/lib/canonical_sysaix.h
352 silly gunzTarPerm modified mode [ 'deps/libiconv/lib/canonical_sysaix.h', 436, 438 ]
353 silly gunzTarPerm extractEntry deps/libiconv/lib/canonical_syshpux.h
354 silly gunzTarPerm modified mode [ 'deps/libiconv/lib/canonical_syshpux.h', 436, 438 ]
355 silly gunzTarPerm extractEntry deps/libiconv/lib/canonical_sysosf1.h
356 silly gunzTarPerm modified mode [ 'deps/libiconv/lib/canonical_sysosf1.h', 436, 438 ]
357 silly gunzTarPerm extractEntry deps/libiconv/lib/canonical_syssolaris.h
358 silly gunzTarPerm modified mode [ 'deps/libiconv/lib/canonical_syssolaris.h', 436, 438 ]
359 silly gunzTarPerm extractEntry deps/libiconv/lib/ces_big5.h
360 silly gunzTarPerm modified mode [ 'deps/libiconv/lib/ces_big5.h', 436, 438 ]
361 silly gunzTarPerm extractEntry deps/libiconv/lib/ces_gbk.h
362 silly gunzTarPerm modified mode [ 'deps/libiconv/lib/ces_gbk.h', 436, 438 ]
363 silly gunzTarPerm extractEntry deps/libiconv/lib/cjk_variants.h
364 silly gunzTarPerm modified mode [ 'deps/libiconv/lib/cjk_variants.h', 436, 438 ]
365 silly gunzTarPerm extractEntry deps/libiconv/lib/cns11643.h
366 silly gunzTarPerm modified mode [ 'deps/libiconv/lib/cns11643.h', 436, 438 ]
367 silly gunzTarPerm extractEntry deps/libiconv/lib/cns11643_1.h
368 silly gunzTarPerm modified mode [ 'deps/libiconv/lib/cns11643_1.h', 436, 438 ]
369 silly gunzTarPerm extractEntry deps/libiconv/lib/cns11643_15.h
370 silly gunzTarPerm modified mode [ 'deps/libiconv/lib/cns11643_15.h', 436, 438 ]
371 silly gunzTarPerm extractEntry deps/libiconv/lib/cns11643_2.h
372 silly gunzTarPerm modified mode [ 'deps/libiconv/lib/cns11643_2.h', 436, 438 ]
373 silly gunzTarPerm extractEntry deps/libiconv/lib/cns11643_3.h
374 silly gunzTarPerm modified mode [ 'deps/libiconv/lib/cns11643_3.h', 436, 438 ]
375 silly gunzTarPerm extractEntry deps/libiconv/lib/cns11643_4.h
376 silly gunzTarPerm modified mode [ 'deps/libiconv/lib/cns11643_4.h', 436, 438 ]
377 silly gunzTarPerm extractEntry deps/libiconv/lib/cns11643_4a.h
378 silly gunzTarPerm modified mode [ 'deps/libiconv/lib/cns11643_4a.h', 436, 438 ]
379 silly gunzTarPerm extractEntry deps/libiconv/lib/cns11643_4b.h
380 silly gunzTarPerm modified mode [ 'deps/libiconv/lib/cns11643_4b.h', 436, 438 ]
381 silly gunzTarPerm extractEntry deps/libiconv/lib/cns11643_5.h
382 silly gunzTarPerm modified mode [ 'deps/libiconv/lib/cns11643_5.h', 436, 438 ]
383 silly gunzTarPerm extractEntry deps/libiconv/lib/cns11643_6.h
384 silly gunzTarPerm modified mode [ 'deps/libiconv/lib/cns11643_6.h', 436, 438 ]
385 silly gunzTarPerm extractEntry deps/libiconv/lib/cns11643_7.h
386 silly gunzTarPerm modified mode [ 'deps/libiconv/lib/cns11643_7.h', 436, 438 ]
387 silly gunzTarPerm extractEntry deps/libiconv/lib/cns11643_inv.h
388 silly gunzTarPerm modified mode [ 'deps/libiconv/lib/cns11643_inv.h', 436, 438 ]
389 silly gunzTarPerm extractEntry deps/libiconv/lib/converters.h
390 silly gunzTarPerm modified mode [ 'deps/libiconv/lib/converters.h', 436, 438 ]
391 silly gunzTarPerm extractEntry deps/libiconv/lib/cp1046.h
392 silly gunzTarPerm modified mode [ 'deps/libiconv/lib/cp1046.h', 436, 438 ]
393 silly gunzTarPerm extractEntry deps/libiconv/lib/cp1124.h
394 silly gunzTarPerm modified mode [ 'deps/libiconv/lib/cp1124.h', 436, 438 ]
395 silly gunzTarPerm extractEntry deps/libiconv/lib/cp1125.h
396 silly gunzTarPerm modified mode [ 'deps/libiconv/lib/cp1125.h', 436, 438 ]
397 silly gunzTarPerm extractEntry deps/libiconv/lib/cp1129.h
398 silly gunzTarPerm modified mode [ 'deps/libiconv/lib/cp1129.h', 436, 438 ]
399 silly gunzTarPerm extractEntry deps/libiconv/lib/cp1131.h
400 silly gunzTarPerm modified mode [ 'deps/libiconv/lib/cp1131.h', 436, 438 ]
401 silly gunzTarPerm extractEntry deps/libiconv/lib/cp1133.h
402 silly gunzTarPerm modified mode [ 'deps/libiconv/lib/cp1133.h', 436, 438 ]
403 silly gunzTarPerm extractEntry deps/libiconv/lib/cp1161.h
404 silly gunzTarPerm modified mode [ 'deps/libiconv/lib/cp1161.h', 436, 438 ]
405 silly gunzTarPerm extractEntry deps/libiconv/lib/cp1162.h
406 silly gunzTarPerm modified mode [ 'deps/libiconv/lib/cp1162.h', 436, 438 ]
407 silly gunzTarPerm extractEntry deps/libiconv/lib/cp1163.h
408 silly gunzTarPerm modified mode [ 'deps/libiconv/lib/cp1163.h', 436, 438 ]
409 silly gunzTarPerm extractEntry deps/libiconv/lib/cp1250.h
410 silly gunzTarPerm modified mode [ 'deps/libiconv/lib/cp1250.h', 436, 438 ]
411 silly gunzTarPerm extractEntry deps/libiconv/lib/cp1251.h
412 silly gunzTarPerm modified mode [ 'deps/libiconv/lib/cp1251.h', 436, 438 ]
413 silly gunzTarPerm extractEntry deps/libiconv/lib/cp1252.h
414 silly gunzTarPerm modified mode [ 'deps/libiconv/lib/cp1252.h', 436, 438 ]
415 silly gunzTarPerm extractEntry deps/libiconv/lib/cp1253.h
416 silly gunzTarPerm modified mode [ 'deps/libiconv/lib/cp1253.h', 436, 438 ]
417 silly gunzTarPerm extractEntry deps/libiconv/lib/cp1254.h
418 silly gunzTarPerm modified mode [ 'deps/libiconv/lib/cp1254.h', 436, 438 ]
419 silly gunzTarPerm extractEntry deps/libiconv/lib/cp1255.h
420 silly gunzTarPerm modified mode [ 'deps/libiconv/lib/cp1255.h', 436, 438 ]
421 silly gunzTarPerm extractEntry deps/libiconv/lib/cp1256.h
422 silly gunzTarPerm modified mode [ 'deps/libiconv/lib/cp1256.h', 436, 438 ]
423 silly gentlyRm E:\Dev\Node\Work\node_modules\.staging\nan-5b1841f3\node_modules is being purged
424 verbose gentlyRm don't care about contents; nuking E:\Dev\Node\Work\node_modules\.staging\nan-5b1841f3\node_modules
425 silly gunzTarPerm extractEntry deps/libiconv/lib/cp1257.h
426 silly gunzTarPerm modified mode [ 'deps/libiconv/lib/cp1257.h', 436, 438 ]
427 silly gunzTarPerm extractEntry deps/libiconv/lib/cp1258.h
428 silly gunzTarPerm modified mode [ 'deps/libiconv/lib/cp1258.h', 436, 438 ]
429 silly gunzTarPerm extractEntry deps/libiconv/lib/cp437.h
430 silly gunzTarPerm modified mode [ 'deps/libiconv/lib/cp437.h', 436, 438 ]
431 silly gunzTarPerm extractEntry deps/libiconv/lib/cp737.h
432 silly gunzTarPerm modified mode [ 'deps/libiconv/lib/cp737.h', 436, 438 ]
433 silly gunzTarPerm extractEntry deps/libiconv/lib/cp775.h
434 silly gunzTarPerm modified mode [ 'deps/libiconv/lib/cp775.h', 436, 438 ]
435 silly gunzTarPerm extractEntry deps/libiconv/lib/cp850.h
436 silly gunzTarPerm modified mode [ 'deps/libiconv/lib/cp850.h', 436, 438 ]
437 silly gunzTarPerm extractEntry deps/libiconv/lib/cp852.h
438 silly gunzTarPerm modified mode [ 'deps/libiconv/lib/cp852.h', 436, 438 ]
439 silly gunzTarPerm extractEntry deps/libiconv/lib/cp853.h
440 silly gunzTarPerm modified mode [ 'deps/libiconv/lib/cp853.h', 436, 438 ]
441 silly gunzTarPerm extractEntry deps/libiconv/lib/cp855.h
442 silly gunzTarPerm modified mode [ 'deps/libiconv/lib/cp855.h', 436, 438 ]
443 silly gunzTarPerm extractEntry deps/libiconv/lib/cp856.h
444 silly gunzTarPerm modified mode [ 'deps/libiconv/lib/cp856.h', 436, 438 ]
445 silly gunzTarPerm extractEntry deps/libiconv/lib/cp857.h
446 silly gunzTarPerm modified mode [ 'deps/libiconv/lib/cp857.h', 436, 438 ]
447 silly gunzTarPerm extractEntry deps/libiconv/lib/cp858.h
448 silly gunzTarPerm modified mode [ 'deps/libiconv/lib/cp858.h', 436, 438 ]
449 silly gunzTarPerm extractEntry deps/libiconv/lib/cp860.h
450 silly gunzTarPerm modified mode [ 'deps/libiconv/lib/cp860.h', 436, 438 ]
451 silly gunzTarPerm extractEntry deps/libiconv/lib/cp861.h
452 silly gunzTarPerm modified mode [ 'deps/libiconv/lib/cp861.h', 436, 438 ]
453 silly gunzTarPerm extractEntry deps/libiconv/lib/cp862.h
454 silly gunzTarPerm modified mode [ 'deps/libiconv/lib/cp862.h', 436, 438 ]
455 silly gunzTarPerm extractEntry deps/libiconv/lib/cp863.h
456 silly gunzTarPerm modified mode [ 'deps/libiconv/lib/cp863.h', 436, 438 ]
457 silly gunzTarPerm extractEntry deps/libiconv/lib/cp864.h
458 silly gunzTarPerm modified mode [ 'deps/libiconv/lib/cp864.h', 436, 438 ]
459 silly gunzTarPerm extractEntry deps/libiconv/lib/cp865.h
460 silly gunzTarPerm modified mode [ 'deps/libiconv/lib/cp865.h', 436, 438 ]
461 silly gunzTarPerm extractEntry deps/libiconv/lib/cp866.h
462 silly gunzTarPerm modified mode [ 'deps/libiconv/lib/cp866.h', 436, 438 ]
463 silly gunzTarPerm extractEntry deps/libiconv/lib/cp869.h
464 silly gunzTarPerm modified mode [ 'deps/libiconv/lib/cp869.h', 436, 438 ]
465 silly gunzTarPerm extractEntry deps/libiconv/lib/cp874.h
466 silly gunzTarPerm modified mode [ 'deps/libiconv/lib/cp874.h', 436, 438 ]
467 silly gunzTarPerm extractEntry deps/libiconv/lib/cp922.h
468 silly gunzTarPerm modified mode [ 'deps/libiconv/lib/cp922.h', 436, 438 ]
469 silly gunzTarPerm extractEntry deps/libiconv/lib/cp932.h
470 silly gunzTarPerm modified mode [ 'deps/libiconv/lib/cp932.h', 436, 438 ]
471 silly gunzTarPerm extractEntry deps/libiconv/lib/cp932ext.h
472 silly gunzTarPerm modified mode [ 'deps/libiconv/lib/cp932ext.h', 436, 438 ]
473 silly gunzTarPerm extractEntry deps/libiconv/lib/cp936.h
474 silly gunzTarPerm modified mode [ 'deps/libiconv/lib/cp936.h', 436, 438 ]
475 silly gunzTarPerm extractEntry deps/libiconv/lib/cp936ext.h
476 silly gunzTarPerm modified mode [ 'deps/libiconv/lib/cp936ext.h', 436, 438 ]
477 silly gunzTarPerm extractEntry deps/libiconv/lib/cp943.h
478 silly gunzTarPerm modified mode [ 'deps/libiconv/lib/cp943.h', 436, 438 ]
479 silly gunzTarPerm extractEntry deps/libiconv/lib/cp949.h
480 silly gunzTarPerm modified mode [ 'deps/libiconv/lib/cp949.h', 436, 438 ]
481 silly gunzTarPerm extractEntry deps/libiconv/lib/cp950.h
482 silly gunzTarPerm modified mode [ 'deps/libiconv/lib/cp950.h', 436, 438 ]
483 silly gunzTarPerm extractEntry deps/libiconv/lib/cp950ext.h
484 silly gunzTarPerm modified mode [ 'deps/libiconv/lib/cp950ext.h', 436, 438 ]
485 silly gunzTarPerm extractEntry deps/libiconv/lib/dec_hanyu.h
486 silly gunzTarPerm modified mode [ 'deps/libiconv/lib/dec_hanyu.h', 436, 438 ]
487 silly gunzTarPerm extractEntry deps/libiconv/lib/dec_kanji.h
488 silly gunzTarPerm modified mode [ 'deps/libiconv/lib/dec_kanji.h', 436, 438 ]
489 silly gunzTarPerm extractEntry deps/libiconv/lib/encodings.def
490 silly gunzTarPerm modified mode [ 'deps/libiconv/lib/encodings.def', 436, 438 ]
491 silly gunzTarPerm extractEntry deps/libiconv/lib/encodings_aix.def
492 silly gunzTarPerm modified mode [ 'deps/libiconv/lib/encodings_aix.def', 436, 438 ]
493 silly gunzTarPerm extractEntry deps/libiconv/lib/encodings_dos.def
494 silly gunzTarPerm modified mode [ 'deps/libiconv/lib/encodings_dos.def', 436, 438 ]
495 silly gunzTarPerm extractEntry deps/libiconv/lib/encodings_extra.def
496 silly gunzTarPerm modified mode [ 'deps/libiconv/lib/encodings_extra.def', 436, 438 ]
497 silly gunzTarPerm extractEntry deps/libiconv/lib/encodings_local.def
498 silly gunzTarPerm modified mode [ 'deps/libiconv/lib/encodings_local.def', 436, 438 ]
499 silly gunzTarPerm extractEntry deps/libiconv/lib/encodings_osf1.def
500 silly gunzTarPerm modified mode [ 'deps/libiconv/lib/encodings_osf1.def', 436, 438 ]
501 silly gunzTarPerm extractEntry deps/libiconv/lib/euc_cn.h
502 silly gunzTarPerm modified mode [ 'deps/libiconv/lib/euc_cn.h', 436, 438 ]
503 silly gunzTarPerm extractEntry deps/libiconv/lib/euc_jisx0213.h
504 silly gunzTarPerm modified mode [ 'deps/libiconv/lib/euc_jisx0213.h', 436, 438 ]
505 silly gunzTarPerm extractEntry deps/libiconv/lib/euc_jp.h
506 silly gunzTarPerm modified mode [ 'deps/libiconv/lib/euc_jp.h', 436, 438 ]
507 silly gunzTarPerm extractEntry deps/libiconv/lib/euc_kr.h
508 silly gunzTarPerm modified mode [ 'deps/libiconv/lib/euc_kr.h', 436, 438 ]
509 silly gunzTarPerm extractEntry deps/libiconv/lib/aliases.h
510 silly gunzTarPerm modified mode [ 'deps/libiconv/lib/aliases.h', 436, 438 ]
511 silly gunzTarPerm extractEntry deps/libiconv/lib/flags.h
512 silly gunzTarPerm modified mode [ 'deps/libiconv/lib/flags.h', 436, 438 ]
513 silly gunzTarPerm extractEntry deps/libiconv/lib/flushwc.h
514 silly gunzTarPerm modified mode [ 'deps/libiconv/lib/flushwc.h', 436, 438 ]
515 silly gunzTarPerm extractEntry deps/libiconv/lib/gb12345.h
516 silly gunzTarPerm modified mode [ 'deps/libiconv/lib/gb12345.h', 436, 438 ]
517 silly gunzTarPerm extractEntry deps/libiconv/lib/gb12345ext.h
518 silly gunzTarPerm modified mode [ 'deps/libiconv/lib/gb12345ext.h', 436, 438 ]
519 silly gunzTarPerm extractEntry deps/libiconv/lib/gb18030.h
520 silly gunzTarPerm modified mode [ 'deps/libiconv/lib/gb18030.h', 436, 438 ]
521 silly gunzTarPerm extractEntry deps/libiconv/lib/gb18030ext.h
522 silly gunzTarPerm modified mode [ 'deps/libiconv/lib/gb18030ext.h', 436, 438 ]
523 silly gunzTarPerm extractEntry deps/libiconv/lib/gb18030uni.h
524 silly gunzTarPerm modified mode [ 'deps/libiconv/lib/gb18030uni.h', 436, 438 ]
525 silly gunzTarPerm extractEntry deps/libiconv/lib/gb2312.h
526 silly gunzTarPerm modified mode [ 'deps/libiconv/lib/gb2312.h', 436, 438 ]
527 silly gunzTarPerm extractEntry deps/libiconv/lib/gbk.h
528 silly gunzTarPerm modified mode [ 'deps/libiconv/lib/gbk.h', 436, 438 ]
529 silly gunzTarPerm extractEntry deps/libiconv/lib/gbkext1.h
530 silly gunzTarPerm modified mode [ 'deps/libiconv/lib/gbkext1.h', 436, 438 ]
531 silly gunzTarPerm extractEntry deps/libiconv/lib/gbkext2.h
532 silly gunzTarPerm modified mode [ 'deps/libiconv/lib/gbkext2.h', 436, 438 ]
533 silly gunzTarPerm extractEntry deps/libiconv/lib/gbkext_inv.h
534 silly gunzTarPerm modified mode [ 'deps/libiconv/lib/gbkext_inv.h', 436, 438 ]
535 silly gunzTarPerm extractEntry deps/libiconv/lib/genaliases.c
536 silly gunzTarPerm modified mode [ 'deps/libiconv/lib/genaliases.c', 436, 438 ]
537 silly gunzTarPerm extractEntry deps/libiconv/lib/genaliases2.c
538 silly gunzTarPerm modified mode [ 'deps/libiconv/lib/genaliases2.c', 436, 438 ]
539 silly gunzTarPerm extractEntry deps/libiconv/lib/genflags.c
540 silly gunzTarPerm modified mode [ 'deps/libiconv/lib/genflags.c', 436, 438 ]
541 silly gunzTarPerm extractEntry deps/libiconv/lib/gentranslit.c
542 silly gunzTarPerm modified mode [ 'deps/libiconv/lib/gentranslit.c', 436, 438 ]
543 silly gunzTarPerm extractEntry deps/libiconv/lib/georgian_academy.h
544 silly gunzTarPerm modified mode [ 'deps/libiconv/lib/georgian_academy.h', 436, 438 ]
545 silly gunzTarPerm extractEntry deps/libiconv/lib/georgian_ps.h
546 silly gunzTarPerm modified mode [ 'deps/libiconv/lib/georgian_ps.h', 436, 438 ]
547 silly gunzTarPerm extractEntry deps/libiconv/lib/hkscs1999.h
548 silly gunzTarPerm modified mode [ 'deps/libiconv/lib/hkscs1999.h', 436, 438 ]
549 silly gunzTarPerm extractEntry deps/libiconv/lib/hkscs2001.h
550 silly gunzTarPerm modified mode [ 'deps/libiconv/lib/hkscs2001.h', 436, 438 ]
551 silly gunzTarPerm extractEntry deps/libiconv/lib/hkscs2004.h
552 silly gunzTarPerm modified mode [ 'deps/libiconv/lib/hkscs2004.h', 436, 438 ]
553 silly gunzTarPerm extractEntry deps/libiconv/lib/hkscs2008.h
554 silly gunzTarPerm modified mode [ 'deps/libiconv/lib/hkscs2008.h', 436, 438 ]
555 silly gunzTarPerm extractEntry deps/libiconv/lib/hp_roman8.h
556 silly gunzTarPerm modified mode [ 'deps/libiconv/lib/hp_roman8.h', 436, 438 ]
557 silly gunzTarPerm extractEntry deps/libiconv/lib/hz.h
558 silly gunzTarPerm modified mode [ 'deps/libiconv/lib/hz.h', 436, 438 ]
559 silly gunzTarPerm extractEntry deps/libiconv/lib/iconv.c
560 silly gunzTarPerm modified mode [ 'deps/libiconv/lib/iconv.c', 436, 438 ]
561 silly gunzTarPerm extractEntry deps/libiconv/lib/iconv_open1.h
562 silly gunzTarPerm modified mode [ 'deps/libiconv/lib/iconv_open1.h', 436, 438 ]
563 silly gunzTarPerm extractEntry deps/libiconv/lib/iconv_open2.h
564 silly gunzTarPerm modified mode [ 'deps/libiconv/lib/iconv_open2.h', 436, 438 ]
565 silly gunzTarPerm extractEntry deps/libiconv/lib/iso2022_cn.h
566 silly gunzTarPerm modified mode [ 'deps/libiconv/lib/iso2022_cn.h', 436, 438 ]
567 silly gunzTarPerm extractEntry deps/libiconv/lib/iso2022_cnext.h
568 silly gunzTarPerm modified mode [ 'deps/libiconv/lib/iso2022_cnext.h', 436, 438 ]
569 silly gunzTarPerm extractEntry deps/libiconv/lib/iso2022_jp.h
570 silly gunzTarPerm modified mode [ 'deps/libiconv/lib/iso2022_jp.h', 436, 438 ]
571 silly gunzTarPerm extractEntry deps/libiconv/lib/iso2022_jp1.h
572 silly gunzTarPerm modified mode [ 'deps/libiconv/lib/iso2022_jp1.h', 436, 438 ]
573 silly gunzTarPerm extractEntry deps/libiconv/lib/iso2022_jp2.h
574 silly gunzTarPerm modified mode [ 'deps/libiconv/lib/iso2022_jp2.h', 436, 438 ]
575 silly gunzTarPerm extractEntry deps/libiconv/lib/iso2022_jp3.h
576 silly gunzTarPerm modified mode [ 'deps/libiconv/lib/iso2022_jp3.h', 436, 438 ]
577 silly gunzTarPerm extractEntry deps/libiconv/lib/iso2022_kr.h
578 silly gunzTarPerm modified mode [ 'deps/libiconv/lib/iso2022_kr.h', 436, 438 ]
579 silly gunzTarPerm extractEntry deps/libiconv/lib/iso646_cn.h
580 silly gunzTarPerm modified mode [ 'deps/libiconv/lib/iso646_cn.h', 436, 438 ]
581 silly gunzTarPerm extractEntry deps/libiconv/lib/iso646_jp.h
582 silly gunzTarPerm modified mode [ 'deps/libiconv/lib/iso646_jp.h', 436, 438 ]
583 silly gunzTarPerm extractEntry deps/libiconv/lib/iso8859_1.h
584 silly gunzTarPerm modified mode [ 'deps/libiconv/lib/iso8859_1.h', 436, 438 ]
585 silly gunzTarPerm extractEntry deps/libiconv/lib/iso8859_10.h
586 silly gunzTarPerm modified mode [ 'deps/libiconv/lib/iso8859_10.h', 436, 438 ]
587 silly gunzTarPerm extractEntry deps/libiconv/lib/iso8859_11.h
588 silly gunzTarPerm modified mode [ 'deps/libiconv/lib/iso8859_11.h', 436, 438 ]
589 silly gunzTarPerm extractEntry deps/libiconv/lib/iso8859_13.h
590 silly gunzTarPerm modified mode [ 'deps/libiconv/lib/iso8859_13.h', 436, 438 ]
591 silly gunzTarPerm extractEntry deps/libiconv/lib/iso8859_14.h
592 silly gunzTarPerm modified mode [ 'deps/libiconv/lib/iso8859_14.h', 436, 438 ]
593 silly gunzTarPerm extractEntry deps/libiconv/lib/iso8859_15.h
594 silly gunzTarPerm modified mode [ 'deps/libiconv/lib/iso8859_15.h', 436, 438 ]
595 silly gunzTarPerm extractEntry deps/libiconv/lib/iso8859_16.h
596 silly gunzTarPerm modified mode [ 'deps/libiconv/lib/iso8859_16.h', 436, 438 ]
597 silly gunzTarPerm extractEntry deps/libiconv/lib/iso8859_2.h
598 silly gunzTarPerm modified mode [ 'deps/libiconv/lib/iso8859_2.h', 436, 438 ]
599 silly gunzTarPerm extractEntry deps/libiconv/lib/iso8859_3.h
600 silly gunzTarPerm modified mode [ 'deps/libiconv/lib/iso8859_3.h', 436, 438 ]
601 silly gunzTarPerm extractEntry deps/libiconv/lib/iso8859_4.h
602 silly gunzTarPerm modified mode [ 'deps/libiconv/lib/iso8859_4.h', 436, 438 ]
603 silly gunzTarPerm extractEntry deps/libiconv/lib/iso8859_5.h
604 silly gunzTarPerm modified mode [ 'deps/libiconv/lib/iso8859_5.h', 436, 438 ]
605 silly gunzTarPerm extractEntry deps/libiconv/lib/iso8859_6.h
606 silly gunzTarPerm modified mode [ 'deps/libiconv/lib/iso8859_6.h', 436, 438 ]
607 silly gunzTarPerm extractEntry deps/libiconv/lib/iso8859_7.h
608 silly gunzTarPerm modified mode [ 'deps/libiconv/lib/iso8859_7.h', 436, 438 ]
609 silly gunzTarPerm extractEntry deps/libiconv/lib/iso8859_8.h
610 silly gunzTarPerm modified mode [ 'deps/libiconv/lib/iso8859_8.h', 436, 438 ]
611 silly gunzTarPerm extractEntry deps/libiconv/lib/iso8859_9.h
612 silly gunzTarPerm modified mode [ 'deps/libiconv/lib/iso8859_9.h', 436, 438 ]
613 silly gunzTarPerm extractEntry deps/libiconv/lib/isoir165.h
614 silly gunzTarPerm modified mode [ 'deps/libiconv/lib/isoir165.h', 436, 438 ]
615 silly gunzTarPerm extractEntry deps/libiconv/lib/isoir165ext.h
616 silly gunzTarPerm modified mode [ 'deps/libiconv/lib/isoir165ext.h', 436, 438 ]
617 silly gunzTarPerm extractEntry deps/libiconv/lib/java.h
618 silly gunzTarPerm modified mode [ 'deps/libiconv/lib/java.h', 436, 438 ]
619 silly gunzTarPerm extractEntry deps/libiconv/lib/jisx0201.h
620 silly gunzTarPerm modified mode [ 'deps/libiconv/lib/jisx0201.h', 436, 438 ]
621 silly gunzTarPerm extractEntry deps/libiconv/lib/jisx0208.h
622 silly gunzTarPerm modified mode [ 'deps/libiconv/lib/jisx0208.h', 436, 438 ]
623 silly gunzTarPerm extractEntry deps/libiconv/lib/jisx0212.h
624 silly gunzTarPerm modified mode [ 'deps/libiconv/lib/jisx0212.h', 436, 438 ]
625 silly gunzTarPerm extractEntry deps/libiconv/lib/jisx0213.h
626 silly gunzTarPerm modified mode [ 'deps/libiconv/lib/jisx0213.h', 436, 438 ]
627 silly gunzTarPerm extractEntry deps/libiconv/lib/johab.h
628 silly gunzTarPerm modified mode [ 'deps/libiconv/lib/johab.h', 436, 438 ]
629 silly gunzTarPerm extractEntry deps/libiconv/lib/johab_hangul.h
630 silly gunzTarPerm modified mode [ 'deps/libiconv/lib/johab_hangul.h', 436, 438 ]
631 silly gunzTarPerm extractEntry deps/libiconv/lib/koi8_r.h
632 silly gunzTarPerm modified mode [ 'deps/libiconv/lib/koi8_r.h', 436, 438 ]
633 silly gunzTarPerm extractEntry deps/libiconv/lib/koi8_ru.h
634 silly gunzTarPerm modified mode [ 'deps/libiconv/lib/koi8_ru.h', 436, 438 ]
635 silly gunzTarPerm extractEntry deps/libiconv/lib/koi8_t.h
636 silly gunzTarPerm modified mode [ 'deps/libiconv/lib/koi8_t.h', 436, 438 ]
637 silly gunzTarPerm extractEntry deps/libiconv/lib/koi8_u.h
638 silly gunzTarPerm modified mode [ 'deps/libiconv/lib/koi8_u.h', 436, 438 ]
639 silly gunzTarPerm extractEntry deps/libiconv/lib/ksc5601.h
640 silly gunzTarPerm modified mode [ 'deps/libiconv/lib/ksc5601.h', 436, 438 ]
641 silly gunzTarPerm extractEntry deps/libiconv/lib/loop_unicode.h
642 silly gunzTarPerm modified mode [ 'deps/libiconv/lib/loop_unicode.h', 436, 438 ]
643 silly gunzTarPerm extractEntry deps/libiconv/lib/loop_wchar.h
644 silly gunzTarPerm modified mode [ 'deps/libiconv/lib/loop_wchar.h', 436, 438 ]
645 silly gunzTarPerm extractEntry deps/libiconv/lib/loops.h
646 silly gunzTarPerm modified mode [ 'deps/libiconv/lib/loops.h', 436, 438 ]
647 silly gunzTarPerm extractEntry deps/libiconv/lib/mac_arabic.h
648 silly gunzTarPerm modified mode [ 'deps/libiconv/lib/mac_arabic.h', 436, 438 ]
649 silly gunzTarPerm extractEntry deps/libiconv/lib/mac_centraleurope.h
650 silly gunzTarPerm modified mode [ 'deps/libiconv/lib/mac_centraleurope.h', 436, 438 ]
651 silly gunzTarPerm extractEntry deps/libiconv/lib/mac_croatian.h
652 silly gunzTarPerm modified mode [ 'deps/libiconv/lib/mac_croatian.h', 436, 438 ]
653 silly gunzTarPerm extractEntry deps/libiconv/lib/mac_cyrillic.h
654 silly gunzTarPerm modified mode [ 'deps/libiconv/lib/mac_cyrillic.h', 436, 438 ]
655 silly gunzTarPerm extractEntry deps/libiconv/lib/mac_greek.h
656 silly gunzTarPerm modified mode [ 'deps/libiconv/lib/mac_greek.h', 436, 438 ]
657 silly gunzTarPerm extractEntry deps/libiconv/lib/mac_hebrew.h
658 silly gunzTarPerm modified mode [ 'deps/libiconv/lib/mac_hebrew.h', 436, 438 ]
659 silly gunzTarPerm extractEntry deps/libiconv/lib/mac_iceland.h
660 silly gunzTarPerm modified mode [ 'deps/libiconv/lib/mac_iceland.h', 436, 438 ]
661 silly gunzTarPerm extractEntry deps/libiconv/lib/mac_roman.h
662 silly gunzTarPerm modified mode [ 'deps/libiconv/lib/mac_roman.h', 436, 438 ]
663 silly gunzTarPerm extractEntry deps/libiconv/lib/mac_romania.h
664 silly gunzTarPerm modified mode [ 'deps/libiconv/lib/mac_romania.h', 436, 438 ]
665 silly gunzTarPerm extractEntry deps/libiconv/lib/mac_thai.h
666 silly gunzTarPerm modified mode [ 'deps/libiconv/lib/mac_thai.h', 436, 438 ]
667 silly gunzTarPerm extractEntry deps/libiconv/lib/mac_turkish.h
668 silly gunzTarPerm modified mode [ 'deps/libiconv/lib/mac_turkish.h', 436, 438 ]
669 silly gunzTarPerm extractEntry deps/libiconv/lib/mac_ukraine.h
670 silly gunzTarPerm modified mode [ 'deps/libiconv/lib/mac_ukraine.h', 436, 438 ]
671 silly gunzTarPerm extractEntry deps/libiconv/lib/mulelao.h
672 silly gunzTarPerm modified mode [ 'deps/libiconv/lib/mulelao.h', 436, 438 ]
673 silly gunzTarPerm extractEntry deps/libiconv/lib/nextstep.h
674 silly gunzTarPerm modified mode [ 'deps/libiconv/lib/nextstep.h', 436, 438 ]
675 silly gunzTarPerm extractEntry deps/libiconv/lib/pt154.h
676 silly gunzTarPerm modified mode [ 'deps/libiconv/lib/pt154.h', 436, 438 ]
677 silly gunzTarPerm extractEntry deps/libiconv/lib/relocatable.c
678 silly gunzTarPerm modified mode [ 'deps/libiconv/lib/relocatable.c', 436, 438 ]
679 silly gunzTarPerm extractEntry deps/libiconv/lib/relocatable.h
680 silly gunzTarPerm modified mode [ 'deps/libiconv/lib/relocatable.h', 436, 438 ]
681 silly gunzTarPerm extractEntry deps/libiconv/lib/riscos1.h
682 silly gunzTarPerm modified mode [ 'deps/libiconv/lib/riscos1.h', 436, 438 ]
683 silly gunzTarPerm extractEntry deps/libiconv/lib/rk1048.h
684 silly gunzTarPerm modified mode [ 'deps/libiconv/lib/rk1048.h', 436, 438 ]
685 silly gunzTarPerm extractEntry deps/libiconv/lib/shift_jisx0213.h
686 silly gunzTarPerm modified mode [ 'deps/libiconv/lib/shift_jisx0213.h', 436, 438 ]
687 silly gunzTarPerm extractEntry deps/libiconv/lib/sjis.h
688 silly gunzTarPerm modified mode [ 'deps/libiconv/lib/sjis.h', 436, 438 ]
689 silly gunzTarPerm extractEntry deps/libiconv/lib/tcvn.h
690 silly gunzTarPerm modified mode [ 'deps/libiconv/lib/tcvn.h', 436, 438 ]
691 silly gunzTarPerm extractEntry deps/libiconv/lib/tds565.h
692 silly gunzTarPerm modified mode [ 'deps/libiconv/lib/tds565.h', 436, 438 ]
693 silly gunzTarPerm extractEntry deps/libiconv/lib/tis620.h
694 silly gunzTarPerm modified mode [ 'deps/libiconv/lib/tis620.h', 436, 438 ]
695 silly gunzTarPerm extractEntry deps/libiconv/lib/translit.def
696 silly gunzTarPerm modified mode [ 'deps/libiconv/lib/translit.def', 436, 438 ]
697 silly gunzTarPerm extractEntry deps/libiconv/lib/translit.h
698 silly gunzTarPerm modified mode [ 'deps/libiconv/lib/translit.h', 436, 438 ]
699 silly gunzTarPerm extractEntry deps/libiconv/lib/ucs2.h
700 silly gunzTarPerm modified mode [ 'deps/libiconv/lib/ucs2.h', 436, 438 ]
701 silly gunzTarPerm extractEntry deps/libiconv/lib/ucs2be.h
702 silly gunzTarPerm modified mode [ 'deps/libiconv/lib/ucs2be.h', 436, 438 ]
703 silly gunzTarPerm extractEntry deps/libiconv/lib/ucs2internal.h
704 silly gunzTarPerm modified mode [ 'deps/libiconv/lib/ucs2internal.h', 436, 438 ]
705 silly gunzTarPerm extractEntry deps/libiconv/lib/ucs2le.h
706 silly gunzTarPerm modified mode [ 'deps/libiconv/lib/ucs2le.h', 436, 438 ]
707 silly gunzTarPerm extractEntry deps/libiconv/lib/ucs2swapped.h
708 silly gunzTarPerm modified mode [ 'deps/libiconv/lib/ucs2swapped.h', 436, 438 ]
709 silly gunzTarPerm extractEntry deps/libiconv/lib/ucs4.h
710 silly gunzTarPerm modified mode [ 'deps/libiconv/lib/ucs4.h', 436, 438 ]
711 silly gunzTarPerm extractEntry deps/libiconv/lib/ucs4be.h
712 silly gunzTarPerm modified mode [ 'deps/libiconv/lib/ucs4be.h', 436, 438 ]
713 silly gunzTarPerm extractEntry deps/libiconv/lib/ucs4internal.h
714 silly gunzTarPerm modified mode [ 'deps/libiconv/lib/ucs4internal.h', 436, 438 ]
715 silly gunzTarPerm extractEntry deps/libiconv/lib/ucs4le.h
716 silly gunzTarPerm modified mode [ 'deps/libiconv/lib/ucs4le.h', 436, 438 ]
717 silly gunzTarPerm extractEntry deps/libiconv/lib/ucs4swapped.h
718 silly gunzTarPerm modified mode [ 'deps/libiconv/lib/ucs4swapped.h', 436, 438 ]
719 silly gunzTarPerm extractEntry deps/libiconv/lib/uhc_1.h
720 silly gunzTarPerm modified mode [ 'deps/libiconv/lib/uhc_1.h', 436, 438 ]
721 silly gunzTarPerm extractEntry deps/libiconv/lib/uhc_2.h
722 silly gunzTarPerm modified mode [ 'deps/libiconv/lib/uhc_2.h', 436, 438 ]
723 silly gunzTarPerm extractEntry deps/libiconv/lib/utf16.h
724 silly gunzTarPerm modified mode [ 'deps/libiconv/lib/utf16.h', 436, 438 ]
725 silly gunzTarPerm extractEntry deps/libiconv/lib/utf16be.h
726 silly gunzTarPerm modified mode [ 'deps/libiconv/lib/utf16be.h', 436, 438 ]
727 silly gunzTarPerm extractEntry deps/libiconv/lib/utf16le.h
728 silly gunzTarPerm modified mode [ 'deps/libiconv/lib/utf16le.h', 436, 438 ]
729 silly gunzTarPerm extractEntry deps/libiconv/lib/utf32.h
730 silly gunzTarPerm modified mode [ 'deps/libiconv/lib/utf32.h', 436, 438 ]
731 silly gunzTarPerm extractEntry deps/libiconv/lib/utf32be.h
732 silly gunzTarPerm modified mode [ 'deps/libiconv/lib/utf32be.h', 436, 438 ]
733 silly gunzTarPerm extractEntry deps/libiconv/lib/utf32le.h
734 silly gunzTarPerm modified mode [ 'deps/libiconv/lib/utf32le.h', 436, 438 ]
735 silly gunzTarPerm extractEntry deps/libiconv/lib/utf7.h
736 silly gunzTarPerm modified mode [ 'deps/libiconv/lib/utf7.h', 436, 438 ]
737 silly gunzTarPerm extractEntry deps/libiconv/lib/utf8.h
738 silly gunzTarPerm modified mode [ 'deps/libiconv/lib/utf8.h', 436, 438 ]
739 silly gunzTarPerm extractEntry deps/libiconv/lib/vietcomb.h
740 silly gunzTarPerm modified mode [ 'deps/libiconv/lib/vietcomb.h', 436, 438 ]
741 silly gunzTarPerm extractEntry deps/libiconv/lib/viscii.h
742 silly gunzTarPerm modified mode [ 'deps/libiconv/lib/viscii.h', 436, 438 ]
743 silly gunzTarPerm extractEntry lib/iconv.js
744 silly gunzTarPerm modified mode [ 'lib/iconv.js', 436, 438 ]
745 silly gunzTarPerm extractEntry src/binding.cc
746 silly gunzTarPerm modified mode [ 'src/binding.cc', 436, 438 ]
747 silly gunzTarPerm extractEntry support/config.h
748 silly gunzTarPerm modified mode [ 'support/config.h', 436, 438 ]
749 silly gunzTarPerm extractEntry support/iconv.h
750 silly gunzTarPerm modified mode [ 'support/iconv.h', 436, 438 ]
751 silly gunzTarPerm extractEntry test/test-basic.js
752 silly gunzTarPerm modified mode [ 'test/test-basic.js', 436, 438 ]
753 silly gunzTarPerm extractEntry test/test-big-buffer.js
754 silly gunzTarPerm modified mode [ 'test/test-big-buffer.js', 436, 438 ]
755 silly gunzTarPerm extractEntry test/test-stream.js
756 silly gunzTarPerm modified mode [ 'test/test-stream.js', 436, 438 ]
757 silly gunzTarPerm extractEntry test/fixtures/lorem-ipsum.txt
758 silly gunzTarPerm modified mode [ 'test/fixtures/lorem-ipsum.txt', 436, 438 ]
759 silly gentlyRm E:\Dev\Node\Work\node_modules\.staging\iconv-47c5e09e\node_modules is being purged
760 verbose gentlyRm don't care about contents; nuking E:\Dev\Node\Work\node_modules\.staging\iconv-47c5e09e\node_modules
761 silly doParallel preinstall 2
762 silly preinstall nan@2.0.9 E:\Dev\Node\Work\node_modules\.staging\nan-5b1841f3
763 info lifecycle nan@2.0.9~preinstall: nan@2.0.9
764 silly preinstall iconv@2.1.11 E:\Dev\Node\Work\node_modules\.staging\iconv-47c5e09e
765 info lifecycle iconv@2.1.11~preinstall: iconv@2.1.11
766 silly lifecycle nan@2.0.9~preinstall: no script for preinstall, continuing
767 silly lifecycle iconv@2.1.11~preinstall: no script for preinstall, continuing
768 silly doReverseSerial remove 0
769 silly doSerial move 0
770 silly doSerial finalize 2
771 silly finalize E:\Dev\Node\Work\node_modules\nan
772 silly finalize E:\Dev\Node\Work\node_modules\iconv
773 silly doSerial build 2
774 silly build nan@2.0.9
775 info linkStuff nan@2.0.9
776 silly linkStuff nan@2.0.9 has E:\Dev\Node\Work\node_modules as its parent node_modules
777 verbose linkBins nan@2.0.9
778 verbose linkMans nan@2.0.9
779 silly build iconv@2.1.11
780 info linkStuff iconv@2.1.11
781 silly linkStuff iconv@2.1.11 has E:\Dev\Node\Work\node_modules as its parent node_modules
782 verbose linkBins iconv@2.1.11
783 verbose linkMans iconv@2.1.11
784 silly doSerial global-link 0
785 silly doParallel update-linked 0
786 silly doSerial install 2
787 silly install nan@2.0.9 E:\Dev\Node\Work\node_modules\.staging\nan-5b1841f3
788 info lifecycle nan@2.0.9~install: nan@2.0.9
789 silly lifecycle nan@2.0.9~install: no script for install, continuing
790 silly install iconv@2.1.11 E:\Dev\Node\Work\node_modules\.staging\iconv-47c5e09e
791 info lifecycle iconv@2.1.11~install: iconv@2.1.11
792 verbose lifecycle iconv@2.1.11~install: unsafe-perm in lifecycle true
793 verbose lifecycle iconv@2.1.11~install: PATH: C:\Users\Administrator\AppData\Roaming\npm\node_modules\npm\bin\node-gyp-bin;E:\Dev\Node\Work\node_modules\iconv\node_modules\.bin;E:\Dev\Node\Work\node_modules\.bin;C:\nodejs;C:\Python27\;C:\Python27\Scripts;C:\ProgramData\Oracle\Java\javapath;C:\Windows\system32;C:\Windows;C:\Windows\System32\Wbem;C:\Windows\System32\WindowsPowerShell\v1.0\;C:\Java\jdk1.8.0_73\bin;C:\nodejs\;C:\strawberry\c\bin;C:\strawberry\perl\bin;C:\Program Files\Git\cmd;C:\Users\Administrator\AppData\Roaming\npm;
794 verbose lifecycle iconv@2.1.11~install: CWD: E:\Dev\Node\Work\node_modules\iconv
795 silly lifecycle iconv@2.1.11~install: Args: [ '/d /s /c', 'node-gyp rebuild' ]
796 silly lifecycle iconv@2.1.11~install: Returned: code: 1  signal: null
797 info lifecycle iconv@2.1.11~install: Failed to exec install script
798 verbose unlock done using C:\Users\Administrator\AppData\Roaming\npm-cache\_locks\staging-de1bc34ac1d9cd01.lock for E:\Dev\Node\Work\node_modules\.staging
799 silly rollbackFailedOptional Starting
800 silly rollbackFailedOptional Finishing
801 silly runTopLevelLifecycles Starting
802 silly runTopLevelLifecycles Finishing
803 silly install printInstalled
804 warn Work-env@1.0.0 No license field.
805 verbose stack Error: iconv@2.1.11 install: `node-gyp rebuild`
805 verbose stack Exit status 1
805 verbose stack     at EventEmitter.<anonymous> (C:\Users\Administrator\AppData\Roaming\npm\node_modules\npm\lib\utils\lifecycle.js:239:16)
805 verbose stack     at emitTwo (events.js:87:13)
805 verbose stack     at EventEmitter.emit (events.js:172:7)
805 verbose stack     at ChildProcess.<anonymous> (C:\Users\Administrator\AppData\Roaming\npm\node_modules\npm\lib\utils\spawn.js:24:14)
805 verbose stack     at emitTwo (events.js:87:13)
805 verbose stack     at ChildProcess.emit (events.js:172:7)
805 verbose stack     at maybeClose (internal/child_process.js:827:16)
805 verbose stack     at Process.ChildProcess._handle.onexit (internal/child_process.js:211:5)
806 verbose pkgid iconv@2.1.11
807 verbose cwd E:\Dev\Node\Work
808 error Windows_NT 6.1.7601
809 error argv "C:\\nodejs\\node.exe" "C:\\Users\\Administrator\\AppData\\Roaming\\npm\\node_modules\\npm\\bin\\npm-cli.js" "install" "--save" "iconv"
810 error node v4.4.0
811 error npm  v3.8.1
812 error code ELIFECYCLE
813 error iconv@2.1.11 install: `node-gyp rebuild`
813 error Exit status 1
814 error Failed at the iconv@2.1.11 install script 'node-gyp rebuild'.
814 error Make sure you have the latest version of node.js and npm installed.
814 error If you do, this is most likely a problem with the iconv package,
814 error not with npm itself.
814 error Tell the author that this fails on your system:
814 error     node-gyp rebuild
814 error You can get information on how to open an issue for this project with:
814 error     npm bugs iconv
814 error Or if that isn't available, you can get their info via:
814 error     npm owner ls iconv
814 error There is likely additional logging output above.
815 verbose exit [ 1, true ]
